\BOOKMARK [1][-]{section.1}{Introdu\347\343o}{}% 1
\BOOKMARK [2][-]{subsection.1.1}{Resumo}{section.1}% 2
\BOOKMARK [2][-]{subsection.1.2}{Motiva\347\343o}{section.1}% 3
\BOOKMARK [2][-]{subsection.1.3}{Objetivos}{section.1}% 4
\BOOKMARK [1][-]{section.2}{Implementa\347\343o}{}% 5
\BOOKMARK [2][-]{subsection.2.1}{Introdu\347\343o}{section.2}% 6
\BOOKMARK [2][-]{subsection.2.2}{Depend\352ncias}{section.2}% 7
\BOOKMARK [2][-]{subsection.2.3}{Representa\347\343o da Informa\347\343o}{section.2}% 8
\BOOKMARK [2][-]{subsection.2.4}{Resposta \340s quest\365es}{section.2}% 9
\BOOKMARK [3][-]{subsubsection.2.4.1}{Quantos quartos n\343o est\343o ocupados?}{subsection.2.4}% 10
\BOOKMARK [3][-]{subsubsection.2.4.2}{Quantas suites foram encontradas at\351 agora?}{subsection.2.4}% 11
\BOOKMARK [3][-]{subsubsection.2.4.3}{\311 mais prov\341vel encontrar pessoas nos corredores ou dentro dos quartos?}{subsection.2.4}% 12
\BOOKMARK [3][-]{subsubsection.2.4.4}{Se quisesse encontrar um computador, a que tipo de quarto me devo dirigir?}{subsection.2.4}% 13
\BOOKMARK [3][-]{subsubsection.2.4.5}{Qual o n\372mero do quarto single mais pr\363ximo?}{subsection.2.4}% 14
\BOOKMARK [3][-]{subsubsection.2.4.6}{Como ir do quarto atual at\351 ao elevador?}{subsection.2.4}% 15
\BOOKMARK [3][-]{subsubsection.2.4.7}{Quantos livros estima encontrar nos pr\363ximos 2 minutos?}{subsection.2.4}% 16
\BOOKMARK [3][-]{subsubsection.2.4.8}{Qual a probabilidade de encontrar uma mesa num quarto sem livros e que tem pelo menos uma cadeira?}{subsection.2.4}% 17
\BOOKMARK [1][-]{section.3}{Reflexao Critica}{}% 18
\BOOKMARK [2][-]{subsection.3.1}{Introdu\347\343o}{section.3}% 19
\BOOKMARK [2][-]{subsection.3.2}{Divis\343o do Trabalho}{section.3}% 20
\BOOKMARK [2][-]{subsection.3.3}{Problemas Encontrados}{section.3}% 21
\BOOKMARK [2][-]{subsection.3.4}{Analise Cr\355tica}{section.3}% 22
\BOOKMARK [1][-]{section.4}{Conclus\365es e Trabalho Futuro}{}% 23
\BOOKMARK [2][-]{subsection.4.1}{Conclus\343o}{section.4}% 24
\BOOKMARK [2][-]{subsection.4.2}{Trabalho Futuro}{section.4}% 25
